Analysis & Synthesis report for Processor
Tue Apr 02 22:45:04 2019
Quartus II Version 9.0 Build 132 02/25/2009 SJ Full Version


---------------------
; Table of Contents ;
---------------------
  1. Legal Notice
  2. Analysis & Synthesis Summary
  3. Analysis & Synthesis Settings
  4. Analysis & Synthesis Source Files Read
  5. Analysis & Synthesis Resource Usage Summary
  6. Analysis & Synthesis Resource Utilization by Entity
  7. General Register Statistics
  8. Parameter Settings for User Entity Instance: lpm_dff3:inst11|lpm_ff:lpm_ff_component
  9. Parameter Settings for User Entity Instance: lpm_add_sub0:inst12|lpm_add_sub:lpm_add_sub_component
 10. Analysis & Synthesis Messages



----------------
; Legal Notice ;
----------------
Copyright (C) 1991-2009 Altera Corporation
Your use of Altera Corporation's design tools, logic functions 
and other software and tools, and its AMPP partner logic 
functions, and any output files from any of the foregoing 
(including device programming or simulation files), and any 
associated documentation or information are expressly subject 
to the terms and conditions of the Altera Program License 
Subscription Agreement, Altera MegaCore Function License 
Agreement, or other applicable license agreement, including, 
without limitation, that your use is for the sole purpose of 
programming logic devices manufactured by Altera and sold by 
Altera or its authorized distributors.  Please refer to the 
applicable agreement for further details.



+--------------------------------------------------------------------------+
; Analysis & Synthesis Summary                                             ;
+-------------------------------+------------------------------------------+
; Analysis & Synthesis Status   ; Successful - Tue Apr 02 22:45:04 2019    ;
; Quartus II Version            ; 9.0 Build 132 02/25/2009 SJ Full Version ;
; Revision Name                 ; Processor                                ;
; Top-level Entity Name         ; MainSchema                               ;
; Family                        ; Stratix II                               ;
; Logic utilization             ; N/A                                      ;
;     Combinational ALUTs       ; 2                                        ;
;     Dedicated logic registers ; 2                                        ;
; Total registers               ; 2                                        ;
; Total pins                    ; 3                                        ;
; Total virtual pins            ; 0                                        ;
; Total block memory bits       ; 0                                        ;
; DSP block 9-bit elements      ; 0                                        ;
; Total PLLs                    ; 0                                        ;
; Total DLLs                    ; 0                                        ;
+-------------------------------+------------------------------------------+


+----------------------------------------------------------------------------------------------------------+
; Analysis & Synthesis Settings                                                                            ;
+----------------------------------------------------------------+--------------------+--------------------+
; Option                                                         ; Setting            ; Default Value      ;
+----------------------------------------------------------------+--------------------+--------------------+
; Top-level entity name                                          ; MainSchema         ; Processor          ;
; Family name                                                    ; Stratix II         ; Stratix II         ;
; Use Generated Physical Constraints File                        ; Off                ;                    ;
; Use smart compilation                                          ; Off                ; Off                ;
; Restructure Multiplexers                                       ; Auto               ; Auto               ;
; Create Debugging Nodes for IP Cores                            ; Off                ; Off                ;
; Preserve fewer node names                                      ; On                 ; On                 ;
; Disable OpenCore Plus hardware evaluation                      ; Off                ; Off                ;
; Verilog Version                                                ; Verilog_2001       ; Verilog_2001       ;
; VHDL Version                                                   ; VHDL93             ; VHDL93             ;
; State Machine Processing                                       ; Auto               ; Auto               ;
; Safe State Machine                                             ; Off                ; Off                ;
; Extract Verilog State Machines                                 ; On                 ; On                 ;
; Extract VHDL State Machines                                    ; On                 ; On                 ;
; Ignore Verilog initial constructs                              ; Off                ; Off                ;
; Iteration limit for constant Verilog loops                     ; 5000               ; 5000               ;
; Iteration limit for non-constant Verilog loops                 ; 250                ; 250                ;
; Add Pass-Through Logic to Inferred RAMs                        ; On                 ; On                 ;
; Parallel Synthesis                                             ; Off                ; Off                ;
; DSP Block Balancing                                            ; Auto               ; Auto               ;
; NOT Gate Push-Back                                             ; On                 ; On                 ;
; Power-Up Don't Care                                            ; On                 ; On                 ;
; Remove Redundant Logic Cells                                   ; Off                ; Off                ;
; Remove Duplicate Registers                                     ; On                 ; On                 ;
; Ignore CARRY Buffers                                           ; Off                ; Off                ;
; Ignore CASCADE Buffers                                         ; Off                ; Off                ;
; Ignore GLOBAL Buffers                                          ; Off                ; Off                ;
; Ignore ROW GLOBAL Buffers                                      ; Off                ; Off                ;
; Ignore LCELL Buffers                                           ; Off                ; Off                ;
; Ignore SOFT Buffers                                            ; On                 ; On                 ;
; Limit AHDL Integers to 32 Bits                                 ; Off                ; Off                ;
; Optimization Technique                                         ; Balanced           ; Balanced           ;
; Carry Chain Length                                             ; 70                 ; 70                 ;
; Auto Carry Chains                                              ; On                 ; On                 ;
; Auto Open-Drain Pins                                           ; On                 ; On                 ;
; Perform WYSIWYG Primitive Resynthesis                          ; Off                ; Off                ;
; Auto ROM Replacement                                           ; On                 ; On                 ;
; Auto RAM Replacement                                           ; On                 ; On                 ;
; Auto DSP Block Replacement                                     ; On                 ; On                 ;
; Auto Shift Register Replacement                                ; Auto               ; Auto               ;
; Auto Clock Enable Replacement                                  ; On                 ; On                 ;
; Strict RAM Replacement                                         ; Off                ; Off                ;
; Allow Synchronous Control Signals                              ; On                 ; On                 ;
; Force Use of Synchronous Clear Signals                         ; Off                ; Off                ;
; Auto RAM Block Balancing                                       ; On                 ; On                 ;
; Auto RAM to Logic Cell Conversion                              ; Off                ; Off                ;
; Auto Resource Sharing                                          ; Off                ; Off                ;
; Allow Any RAM Size For Recognition                             ; Off                ; Off                ;
; Allow Any ROM Size For Recognition                             ; Off                ; Off                ;
; Allow Any Shift Register Size For Recognition                  ; Off                ; Off                ;
; Use LogicLock Constraints during Resource Balancing            ; On                 ; On                 ;
; Ignore translate_off and synthesis_off directives              ; Off                ; Off                ;
; Timing-Driven Synthesis                                        ; Off                ; Off                ;
; Show Parameter Settings Tables in Synthesis Report             ; On                 ; On                 ;
; Ignore Maximum Fan-Out Assignments                             ; Off                ; Off                ;
; Synchronization Register Chain Length                          ; 2                  ; 2                  ;
; PowerPlay Power Optimization                                   ; Normal compilation ; Normal compilation ;
; HDL message level                                              ; Level2             ; Level2             ;
; Suppress Register Optimization Related Messages                ; Off                ; Off                ;
; Number of Removed Registers Reported in Synthesis Report       ; 100                ; 100                ;
; Number of Inverted Registers Reported in Synthesis Report      ; 100                ; 100                ;
; Clock MUX Protection                                           ; On                 ; On                 ;
; Auto Gated Clock Conversion                                    ; Off                ; Off                ;
; Block Design Naming                                            ; Auto               ; Auto               ;
; SDC constraint protection                                      ; Off                ; Off                ;
; Synthesis Effort                                               ; Auto               ; Auto               ;
; Allows Asynchronous Clear Usage For Shift Register Replacement ; On                 ; On                 ;
; Analysis & Synthesis Message Level                             ; Medium             ; Medium             ;
+----------------------------------------------------------------+--------------------+--------------------+


+---------------------------------------------------------------------------------------------------------------------------------------------------------------------+
; Analysis & Synthesis Source Files Read                                                                                                                              ;
+----------------------------------+-----------------+------------------------------------+---------------------------------------------------------------------------+
; File Name with User-Entered Path ; Used in Netlist ; File Type                          ; File Name with Absolute Path                                              ;
+----------------------------------+-----------------+------------------------------------+---------------------------------------------------------------------------+
; MainSchema.bdf                   ; yes             ; User Block Diagram/Schematic File  ; D:/SIFO/MainSchema.bdf                                                    ;
; lpm_ff.inc                       ; yes             ; Auto-Found AHDL File               ; d:/altera/quartus/quartus/libraries/megafunctions/lpm_ff.inc              ;
; lpm_dff3.tdf                     ; yes             ; Auto-Found Wizard-Generated File   ; D:/SIFO/lpm_dff3.tdf                                                      ;
; lpm_ff.tdf                       ; yes             ; Megafunction                       ; d:/altera/quartus/quartus/libraries/megafunctions/lpm_ff.tdf              ;
; lpm_constant.inc                 ; yes             ; Megafunction                       ; d:/altera/quartus/quartus/libraries/megafunctions/lpm_constant.inc        ;
; aglobal90.inc                    ; yes             ; Megafunction                       ; d:/altera/quartus/quartus/libraries/megafunctions/aglobal90.inc           ;
; lpm_add_sub0.tdf                 ; yes             ; Auto-Found Wizard-Generated File   ; D:/SIFO/lpm_add_sub0.tdf                                                  ;
; lpm_add_sub.inc                  ; yes             ; Auto-Found AHDL File               ; d:/altera/quartus/quartus/libraries/megafunctions/lpm_add_sub.inc         ;
; lpm_add_sub.tdf                  ; yes             ; Megafunction                       ; d:/altera/quartus/quartus/libraries/megafunctions/lpm_add_sub.tdf         ;
; addcore.inc                      ; yes             ; Megafunction                       ; d:/altera/quartus/quartus/libraries/megafunctions/addcore.inc             ;
; look_add.inc                     ; yes             ; Megafunction                       ; d:/altera/quartus/quartus/libraries/megafunctions/look_add.inc            ;
; bypassff.inc                     ; yes             ; Megafunction                       ; d:/altera/quartus/quartus/libraries/megafunctions/bypassff.inc            ;
; altshift.inc                     ; yes             ; Megafunction                       ; d:/altera/quartus/quartus/libraries/megafunctions/altshift.inc            ;
; alt_stratix_add_sub.inc          ; yes             ; Megafunction                       ; d:/altera/quartus/quartus/libraries/megafunctions/alt_stratix_add_sub.inc ;
; alt_mercury_add_sub.inc          ; yes             ; Megafunction                       ; d:/altera/quartus/quartus/libraries/megafunctions/alt_mercury_add_sub.inc ;
; db/add_sub_soh.tdf               ; yes             ; Auto-Generated Megafunction        ; D:/SIFO/db/add_sub_soh.tdf                                                ;
+----------------------------------+-----------------+------------------------------------+---------------------------------------------------------------------------+


+-------------------------------------------------------------------------------------------------+
; Analysis & Synthesis Resource Usage Summary                                                     ;
+-----------------------------------------------+-------------------------------------------------+
; Resource                                      ; Usage                                           ;
+-----------------------------------------------+-------------------------------------------------+
; Estimated ALUTs Used                          ; 2                                               ;
; Dedicated logic registers                     ; 2                                               ;
;                                               ;                                                 ;
; Estimated ALUTs Unavailable                   ; 0                                               ;
;                                               ;                                                 ;
; Total combinational functions                 ; 2                                               ;
; Combinational ALUT usage by number of inputs  ;                                                 ;
;     -- 7 input functions                      ; 0                                               ;
;     -- 6 input functions                      ; 0                                               ;
;     -- 5 input functions                      ; 0                                               ;
;     -- 4 input functions                      ; 0                                               ;
;     -- <=3 input functions                    ; 2                                               ;
;                                               ;                                                 ;
; Combinational ALUTs by mode                   ;                                                 ;
;     -- normal mode                            ; 2                                               ;
;     -- extended LUT mode                      ; 0                                               ;
;     -- arithmetic mode                        ; 0                                               ;
;     -- shared arithmetic mode                 ; 0                                               ;
;                                               ;                                                 ;
; Estimated ALUT/register pairs used            ; 2                                               ;
;                                               ;                                                 ;
; Total registers                               ; 2                                               ;
;     -- Dedicated logic registers              ; 2                                               ;
;     -- I/O registers                          ; 0                                               ;
;                                               ;                                                 ;
; Estimated ALMs:  partially or completely used ; 1                                               ;
;                                               ;                                                 ;
; I/O pins                                      ; 3                                               ;
; Maximum fan-out node                          ; lpm_dff3:inst11|lpm_ff:lpm_ff_component|dffs[0] ;
; Maximum fan-out                               ; 3                                               ;
; Total fan-out                                 ; 9                                               ;
; Average fan-out                               ; 1.29                                            ;
+-----------------------------------------------+-------------------------------------------------+


+---------------------------------------------------------------------------------------------------------------------------------------------------------------------------------------------------------------------------------------------------------------------------------------+
; Analysis & Synthesis Resource Utilization by Entity                                                                                                                                                                                                                                   ;
+-------------------------------------------+-------------------+--------------+-------------------+--------------+---------+-----------+-----------+------+--------------+----------------------------------------------------------------------------------------------+--------------+
; Compilation Hierarchy Node                ; LC Combinationals ; LC Registers ; Block Memory Bits ; DSP Elements ; DSP 9x9 ; DSP 18x18 ; DSP 36x36 ; Pins ; Virtual Pins ; Full Hierarchy Name                                                                          ; Library Name ;
+-------------------------------------------+-------------------+--------------+-------------------+--------------+---------+-----------+-----------+------+--------------+----------------------------------------------------------------------------------------------+--------------+
; |MainSchema                               ; 2 (0)             ; 2 (0)        ; 0                 ; 0            ; 0       ; 0         ; 0         ; 3    ; 0            ; |MainSchema                                                                                  ; work         ;
;    |lpm_add_sub0:inst12|                  ; 1 (0)             ; 0 (0)        ; 0                 ; 0            ; 0       ; 0         ; 0         ; 0    ; 0            ; |MainSchema|lpm_add_sub0:inst12                                                              ; work         ;
;       |lpm_add_sub:lpm_add_sub_component| ; 1 (0)             ; 0 (0)        ; 0                 ; 0            ; 0       ; 0         ; 0         ; 0    ; 0            ; |MainSchema|lpm_add_sub0:inst12|lpm_add_sub:lpm_add_sub_component                            ; work         ;
;          |add_sub_soh:auto_generated|     ; 1 (1)             ; 0 (0)        ; 0                 ; 0            ; 0       ; 0         ; 0         ; 0    ; 0            ; |MainSchema|lpm_add_sub0:inst12|lpm_add_sub:lpm_add_sub_component|add_sub_soh:auto_generated ; work         ;
;    |lpm_dff3:inst11|                      ; 1 (0)             ; 2 (0)        ; 0                 ; 0            ; 0       ; 0         ; 0         ; 0    ; 0            ; |MainSchema|lpm_dff3:inst11                                                                  ; work         ;
;       |lpm_ff:lpm_ff_component|           ; 1 (1)             ; 2 (2)        ; 0                 ; 0            ; 0       ; 0         ; 0         ; 0    ; 0            ; |MainSchema|lpm_dff3:inst11|lpm_ff:lpm_ff_component                                          ; work         ;
+-------------------------------------------+-------------------+--------------+-------------------+--------------+---------+-----------+-----------+------+--------------+----------------------------------------------------------------------------------------------+--------------+
Note: For table entries with two numbers listed, the numbers in parentheses indicate the number of resources of the given type used by the specific entity alone. The numbers listed outside of parentheses indicate the total resources of the given type used by the specific entity and all of its sub-entities in the hierarchy.


+------------------------------------------------------+
; General Register Statistics                          ;
+----------------------------------------------+-------+
; Statistic                                    ; Value ;
+----------------------------------------------+-------+
; Total registers                              ; 2     ;
; Number of registers using Synchronous Clear  ; 0     ;
; Number of registers using Synchronous Load   ; 0     ;
; Number of registers using Asynchronous Clear ; 0     ;
; Number of registers using Asynchronous Load  ; 0     ;
; Number of registers using Clock Enable       ; 0     ;
; Number of registers using Preset             ; 0     ;
+----------------------------------------------+-------+


+--------------------------------------------------------------------------------------+
; Parameter Settings for User Entity Instance: lpm_dff3:inst11|lpm_ff:lpm_ff_component ;
+------------------------+------------+------------------------------------------------+
; Parameter Name         ; Value      ; Type                                           ;
+------------------------+------------+------------------------------------------------+
; LPM_WIDTH              ; 2          ; Untyped                                        ;
; LPM_AVALUE             ; UNUSED     ; Untyped                                        ;
; LPM_SVALUE             ; UNUSED     ; Untyped                                        ;
; LPM_FFTYPE             ; DFF        ; Untyped                                        ;
; DEVICE_FAMILY          ; Stratix II ; Untyped                                        ;
; CBXI_PARAMETER         ; NOTHING    ; Untyped                                        ;
; AUTO_CARRY_CHAINS      ; ON         ; AUTO_CARRY                                     ;
; IGNORE_CARRY_BUFFERS   ; OFF        ; IGNORE_CARRY                                   ;
; AUTO_CASCADE_CHAINS    ; ON         ; AUTO_CASCADE                                   ;
; IGNORE_CASCADE_BUFFERS ; OFF        ; IGNORE_CASCADE                                 ;
+------------------------+------------+------------------------------------------------+
Note: In order to hide this table in the UI and the text report file, please set the "Show Parameter Settings Tables in Synthesis Report" option in "Analysis and Synthesis Settings -> More Settings" to "Off".


+----------------------------------------------------------------------------------------------------+
; Parameter Settings for User Entity Instance: lpm_add_sub0:inst12|lpm_add_sub:lpm_add_sub_component ;
+------------------------+-------------+-------------------------------------------------------------+
; Parameter Name         ; Value       ; Type                                                        ;
+------------------------+-------------+-------------------------------------------------------------+
; LPM_WIDTH              ; 2           ; Untyped                                                     ;
; LPM_REPRESENTATION     ; UNSIGNED    ; Untyped                                                     ;
; LPM_DIRECTION          ; ADD         ; Untyped                                                     ;
; ONE_INPUT_IS_CONSTANT  ; YES         ; Untyped                                                     ;
; LPM_PIPELINE           ; 0           ; Untyped                                                     ;
; MAXIMIZE_SPEED         ; 5           ; Untyped                                                     ;
; REGISTERED_AT_END      ; 0           ; Untyped                                                     ;
; OPTIMIZE_FOR_SPEED     ; 5           ; Untyped                                                     ;
; USE_CS_BUFFERS         ; 1           ; Untyped                                                     ;
; CARRY_CHAIN            ; MANUAL      ; Untyped                                                     ;
; CARRY_CHAIN_LENGTH     ; 48          ; CARRY_CHAIN_LENGTH                                          ;
; DEVICE_FAMILY          ; Stratix II  ; Untyped                                                     ;
; USE_WYS                ; OFF         ; Untyped                                                     ;
; STYLE                  ; FAST        ; Untyped                                                     ;
; CBXI_PARAMETER         ; add_sub_soh ; Untyped                                                     ;
; AUTO_CARRY_CHAINS      ; ON          ; AUTO_CARRY                                                  ;
; IGNORE_CARRY_BUFFERS   ; OFF         ; IGNORE_CARRY                                                ;
; AUTO_CASCADE_CHAINS    ; ON          ; AUTO_CASCADE                                                ;
; IGNORE_CASCADE_BUFFERS ; OFF         ; IGNORE_CASCADE                                              ;
+------------------------+-------------+-------------------------------------------------------------+
Note: In order to hide this table in the UI and the text report file, please set the "Show Parameter Settings Tables in Synthesis Report" option in "Analysis and Synthesis Settings -> More Settings" to "Off".


+-------------------------------+
; Analysis & Synthesis Messages ;
+-------------------------------+
Info: *******************************************************************
Info: Running Quartus II Analysis & Synthesis
    Info: Version 9.0 Build 132 02/25/2009 SJ Full Version
    Info: Processing started: Tue Apr 02 22:45:02 2019
Info: Command: quartus_map --read_settings_files=on --write_settings_files=off Processor -c Processor
Info: Found 1 design units, including 1 entities, in source file AND16_1.bdf
    Info: Found entity 1: AND16_1
Info: Found 1 design units, including 1 entities, in source file Demux16.bdf
    Info: Found entity 1: Demux16
Info: Found 1 design units, including 1 entities, in source file GPR.bdf
    Info: Found entity 1: GPR
Info: Found 1 design units, including 1 entities, in source file lpm_bustri0.tdf
    Info: Found entity 1: lpm_bustri0
Info: Found 1 design units, including 1 entities, in source file lpm_decode0.tdf
    Info: Found entity 1: lpm_decode0
Info: Found 1 design units, including 1 entities, in source file lpm_dff0.tdf
    Info: Found entity 1: lpm_dff0
Info: Found 1 design units, including 1 entities, in source file lpm_mux0.tdf
    Info: Found entity 1: lpm_mux0
Info: Found 1 design units, including 1 entities, in source file MainSchema.bdf
    Info: Found entity 1: MainSchema
Info: Found 1 design units, including 1 entities, in source file ALU.bdf
    Info: Found entity 1: ALU
Info: Found 1 design units, including 1 entities, in source file String.bdf
    Info: Found entity 1: String
Info: Found 1 design units, including 1 entities, in source file AND4_1.bdf
    Info: Found entity 1: AND4_1
Info: Found 1 design units, including 1 entities, in source file Demux4.bdf
    Info: Found entity 1: Demux4
Info: Found 1 design units, including 1 entities, in source file Line.bdf
    Info: Found entity 1: Line
Info: Elaborating entity "MainSchema" for the top level hierarchy
Warning: Using design file lpm_dff3.tdf, which is not specified as a design file for the current project, but contains definitions for 1 design units and 1 entities in project
    Info: Found entity 1: lpm_dff3
Info: Elaborating entity "lpm_dff3" for hierarchy "lpm_dff3:inst11"
Info: Elaborating entity "lpm_ff" for hierarchy "lpm_dff3:inst11|lpm_ff:lpm_ff_component"
Info: Elaborated megafunction instantiation "lpm_dff3:inst11|lpm_ff:lpm_ff_component"
Info: Instantiated megafunction "lpm_dff3:inst11|lpm_ff:lpm_ff_component" with the following parameter:
    Info: Parameter "LPM_TYPE" = "LPM_FF"
    Info: Parameter "LPM_WIDTH" = "2"
    Info: Parameter "LPM_FFTYPE" = "DFF"
Warning: Using design file lpm_add_sub0.tdf, which is not specified as a design file for the current project, but contains definitions for 1 design units and 1 entities in project
    Info: Found entity 1: lpm_add_sub0
Info: Elaborating entity "lpm_add_sub0" for hierarchy "lpm_add_sub0:inst12"
Info: Elaborating entity "lpm_add_sub" for hierarchy "lpm_add_sub0:inst12|lpm_add_sub:lpm_add_sub_component"
Info: Elaborated megafunction instantiation "lpm_add_sub0:inst12|lpm_add_sub:lpm_add_sub_component"
Info: Instantiated megafunction "lpm_add_sub0:inst12|lpm_add_sub:lpm_add_sub_component" with the following parameter:
    Info: Parameter "LPM_TYPE" = "LPM_ADD_SUB"
    Info: Parameter "LPM_HINT" = "ONE_INPUT_IS_CONSTANT=YES,CIN_USED=NO"
    Info: Parameter "LPM_WIDTH" = "2"
    Info: Parameter "LPM_REPRESENTATION" = "UNSIGNED"
    Info: Parameter "LPM_DIRECTION" = "ADD"
Info: Found 1 design units, including 1 entities, in source file db/add_sub_soh.tdf
    Info: Found entity 1: add_sub_soh
Info: Elaborating entity "add_sub_soh" for hierarchy "lpm_add_sub0:inst12|lpm_add_sub:lpm_add_sub_component|add_sub_soh:auto_generated"
Info: Implemented 5 device resources after synthesis - the final resource count might be different
    Info: Implemented 1 input pins
    Info: Implemented 2 output pins
    Info: Implemented 2 logic cells
Info: Quartus II Analysis & Synthesis was successful. 0 errors, 2 warnings
    Info: Peak virtual memory: 215 megabytes
    Info: Processing ended: Tue Apr 02 22:45:04 2019
    Info: Elapsed time: 00:00:02
    Info: Total CPU time (on all processors): 00:00:02


